TN:
SF:/Users/nodias/Documents/workspace/solidity/bragPool/contracts/Brag.sol
FN:15,constructor
FNF:1
FNH:1
FNDA:6,constructor
DA:16,6
LF:1
LH:1
BRF:0
BRH:0
end_of_record
TN:
SF:/Users/nodias/Documents/workspace/solidity/bragPool/contracts/interfaces/IPool.sol
FNF:0
FNH:0
LF:0
LH:0
BRF:0
BRH:0
end_of_record
TN:
SF:/Users/nodias/Documents/workspace/solidity/bragPool/contracts/syl.sol
FN:18,
FN:21,staking
FN:32,withdraw
FN:51,distributionToken
FN:63,addNftAllowed
FN:67,addStakeAllowed
FN:71,addDistributeNum
FNF:7
FNH:7
FNDA:6,
FNDA:1,staking
FNDA:2,withdraw
FNDA:1,distributionToken
FNDA:2,addNftAllowed
FNDA:12,addStakeAllowed
FNDA:12,addDistributeNum
DA:22,1
DA:23,1
DA:24,1
DA:25,1
DA:26,1
DA:27,1
DA:28,1
DA:33,2
DA:34,2
DA:35,2
DA:36,2
DA:37,2
DA:38,2
DA:43,1
DA:44,1
DA:45,1
DA:52,1
DA:53,1
DA:54,1
DA:55,6
DA:56,4
DA:58,2
DA:64,2
DA:68,12
DA:72,12
LF:25
LH:25
BRDA:22,1,0,1
BRDA:22,1,1,0
BRDA:23,2,0,1
BRDA:23,2,1,0
BRDA:26,3,0,1
BRDA:26,3,1,0
BRDA:33,4,0,2
BRDA:33,4,1,0
BRDA:34,5,0,2
BRDA:34,5,1,0
BRDA:37,6,0,2
BRDA:37,6,1,0
BRDA:43,7,0,1
BRDA:43,7,1,0
BRDA:55,8,0,4
BRDA:55,8,1,2
BRF:16
BRH:9
end_of_record
TN:
SF:/Users/nodias/Documents/workspace/solidity/bragPool/contracts/V1.sol
FN:73,constructor
FN:84,supportsInterface
FN:99,_registerInterface
FN:114,add
FN:130,sub
FN:145,sub
FN:161,mul
FN:186,div
FN:203,div
FN:223,mod
FN:240,mod
FN:257,isContract
FN:290,current
FN:294,increment
FN:298,decrement
FN:344,constructor
FN:354,balanceOf
FN:365,ownerOf
FN:380,approve
FN:398,getApproved
FN:410,setApprovalForAll
FN:423,isApprovedForAll
FN:435,transferFrom
FN:453,safeTransferFrom
FN:469,safeTransferFrom
FN:479,_exists
FN:491,_isApprovedOrOwner
FN:503,_mint
FN:520,_burn
FN:536,_burn
FN:547,_transferFrom
FN:572,_checkOnKIP17Received
FN:604,_clearApproval
FN:643,constructor
FN:654,tokenOfOwnerByIndex
FN:663,totalSupply
FN:673,tokenByIndex
FN:685,_transferFrom
FN:699,_mint
FN:714,_burn
FN:729,_tokensOfOwner
FN:738,_addTokenToOwnerEnumeration
FN:747,_addTokenToAllTokensEnumeration
FN:760,_removeTokenFromOwnerEnumeration
FN:787,_removeTokenFromAllTokensEnumeration
FN:836,constructor
FN:845,_setBaseUri
FN:853,name
FN:861,symbol
FN:870,tokenURI
FN:877,integerToString
FN:908,_burn
FN:913,constructor
FN:928,constructor
FN:937,burn
FN:953,add
FN:961,remove
FN:970,has
FN:984,constructor
FN:988,onlyPauser
FN:993,isPauser
FN:997,addPauser
FN:1001,renouncePauser
FN:1005,_addPauser
FN:1010,_removePauser
FN:1033,constructor
FN:1040,paused
FN:1047,whenNotPaused
FN:1055,whenPaused
FN:1063,pause
FN:1071,unpause
FN:1093,constructor
FN:1098,approve
FN:1102,setApprovalForAll
FN:1106,transferFrom
FN:1112,constructor
FN:1119,constructor
FN:1122,onlyOwner
FN:1126,owner
FN:1129,transferOwnership
FN:1134,_setOwner
FN:1148,setBaseURI
FN:1152,setMintPrice
FN:1156,mintBatch
FN:1164,mintOne
FN:1170,mintPublic
FN:1182,withdraw
FNF:87
FNH:42
FNDA:36,constructor
FNDA:36,supportsInterface
FNDA:36,_registerInterface
FNDA:12,add
FNDA:4,sub
FNDA:4,sub
FNDA:0,mul
FNDA:0,div
FNDA:0,div
FNDA:0,mod
FNDA:0,mod
FNDA:0,isContract
FNDA:2,current
FNDA:0,increment
FNDA:0,decrement
FNDA:6,constructor
FNDA:6,balanceOf
FNDA:8,ownerOf
FNDA:1,approve
FNDA:1,getApproved
FNDA:0,setApprovalForAll
FNDA:2,isApprovedForAll
FNDA:2,transferFrom
FNDA:0,safeTransferFrom
FNDA:0,safeTransferFrom
FNDA:2,_exists
FNDA:2,_isApprovedOrOwner
FNDA:60,_mint
FNDA:0,_burn
FNDA:2,_burn
FNDA:2,_transferFrom
FNDA:0,_checkOnKIP17Received
FNDA:1,_clearApproval
FNDA:0,constructor
FNDA:0,tokenOfOwnerByIndex
FNDA:4,totalSupply
FNDA:4,tokenByIndex
FNDA:2,_transferFrom
FNDA:60,_mint
FNDA:0,_burn
FNDA:62,_tokensOfOwner
FNDA:60,_addTokenToOwnerEnumeration
FNDA:2,_addTokenToAllTokensEnumeration
FNDA:2,_removeTokenFromOwnerEnumeration
FNDA:0,_removeTokenFromAllTokensEnumeration
FNDA:6,constructor
FNDA:0,_setBaseUri
FNDA:0,name
FNDA:0,symbol
FNDA:0,tokenURI
FNDA:0,integerToString
FNDA:0,_burn
FNDA:0,constructor
FNDA:0,constructor
FNDA:0,burn
FNDA:6,add
FNDA:0,remove
FNDA:6,has
FNDA:0,constructor
FNDA:0,onlyPauser
FNDA:0,isPauser
FNDA:6,addPauser
FNDA:6,renouncePauser
FNDA:0,_addPauser
FNDA:0,_removePauser
FNDA:3,constructor
FNDA:3,paused
FNDA:0,whenNotPaused
FNDA:0,whenPaused
FNDA:0,pause
FNDA:0,unpause
FNDA:0,constructor
FNDA:2,approve
FNDA:0,setApprovalForAll
FNDA:0,transferFrom
FNDA:0,constructor
FNDA:12,constructor
FNDA:12,onlyOwner
FNDA:0,owner
FNDA:0,transferOwnership
FNDA:6,_setOwner
FNDA:12,setBaseURI
FNDA:12,setMintPrice
FNDA:12,mintBatch
FNDA:0,mintOne
FNDA:0,mintPublic
FNDA:0,withdraw
DA:76,36
DA:85,36
DA:100,0
DA:101,0
DA:115,12
DA:116,4
DA:118,4
DA:131,4
DA:146,4
DA:147,0
DA:149,0
DA:165,0
DA:166,0
DA:169,0
DA:170,0
DA:172,0
DA:187,0
DA:205,0
DA:206,0
DA:209,0
DA:224,0
DA:241,0
DA:242,0
DA:262,0
DA:264,0
DA:265,0
DA:291,2
DA:295,0
DA:299,0
DA:346,6
DA:355,8
DA:357,8
DA:366,8
DA:367,1
DA:369,1
DA:381,1
DA:382,1
DA:384,1
DA:388,1
DA:389,1
DA:399,0
DA:401,0
DA:411,0
DA:413,0
DA:414,2
DA:424,2
DA:437,0
DA:439,0
DA:454,0
DA:470,63
DA:471,63
DA:480,2
DA:481,2
DA:492,2
DA:493,60
DA:494,60
DA:504,60
DA:505,60
DA:507,0
DA:508,0
DA:510,0
DA:521,0
DA:523,0
DA:525,0
DA:526,0
DA:528,2
DA:537,2
DA:548,2
DA:549,2
DA:551,2
DA:553,2
DA:554,0
DA:556,0
DA:558,0
DA:575,0
DA:576,0
DA:578,0
DA:579,0
DA:583,0
DA:586,0
DA:587,0
DA:590,0
DA:593,0
DA:594,2
DA:597,1
DA:605,0
DA:606,0
DA:645,0
DA:655,4
DA:656,4
DA:664,4
DA:674,2
DA:675,2
DA:686,60
DA:688,60
DA:690,60
DA:700,0
DA:702,0
DA:704,0
DA:715,0
DA:717,0
DA:719,0
DA:721,62
DA:730,62
DA:739,60
DA:740,60
DA:748,2
DA:749,2
DA:764,1
DA:765,1
DA:768,1
DA:769,1
DA:771,0
DA:772,0
DA:776,0
DA:791,0
DA:792,0
DA:797,0
DA:799,0
DA:800,0
DA:803,0
DA:804,0
DA:837,6
DA:838,0
DA:841,0
DA:842,0
DA:846,0
DA:854,0
DA:862,0
DA:871,0
DA:872,0
DA:874,0
DA:880,0
DA:881,0
DA:883,0
DA:884,0
DA:886,0
DA:887,0
DA:888,0
DA:890,0
DA:891,0
DA:893,0
DA:894,0
DA:895,0
DA:897,0
DA:909,0
DA:930,0
DA:939,0
DA:940,0
DA:954,0
DA:955,0
DA:962,6
DA:963,6
DA:971,0
DA:972,0
DA:985,0
DA:989,0
DA:990,0
DA:994,0
DA:998,6
DA:1002,6
DA:1006,0
DA:1007,0
DA:1011,0
DA:1012,0
DA:1034,3
DA:1041,3
DA:1048,0
DA:1049,0
DA:1056,0
DA:1057,0
DA:1064,0
DA:1065,0
DA:1072,0
DA:1073,0
DA:1095,0
DA:1099,2
DA:1103,0
DA:1107,0
DA:1120,12
DA:1123,12
DA:1124,0
DA:1127,0
DA:1130,6
DA:1131,6
DA:1135,0
DA:1136,0
DA:1137,0
DA:1149,12
DA:1153,12
DA:1157,60
DA:1158,0
DA:1159,0
DA:1160,0
DA:1165,0
DA:1166,0
DA:1167,0
DA:1171,0
DA:1172,0
DA:1174,0
DA:1175,0
DA:1176,0
DA:1177,0
DA:1183,0
DA:1184,0
LF:205
LH:71
BRDA:100,1,0,0
BRDA:100,1,1,0
BRDA:116,2,0,4
BRDA:116,2,1,0
BRDA:146,3,0,0
BRDA:146,3,1,4
BRDA:165,4,0,0
BRDA:165,4,1,0
BRDA:170,5,0,0
BRDA:170,5,1,0
BRDA:205,6,0,0
BRDA:205,6,1,0
BRDA:241,7,0,0
BRDA:241,7,1,0
BRDA:355,8,0,8
BRDA:355,8,1,0
BRDA:367,9,0,1
BRDA:367,9,1,0
BRDA:382,10,0,1
BRDA:382,10,1,0
BRDA:384,11,0,1
BRDA:384,11,1,0
BRDA:399,12,0,0
BRDA:399,12,1,0
BRDA:411,13,0,0
BRDA:411,13,1,0
BRDA:437,14,0,0
BRDA:437,14,1,0
BRDA:471,15,0,2
BRDA:471,15,1,61
BRDA:492,16,0,60
BRDA:492,16,1,-58
BRDA:504,17,0,60
BRDA:504,17,1,0
BRDA:505,18,0,60
BRDA:505,18,1,0
BRDA:521,19,0,0
BRDA:521,19,1,0
BRDA:548,20,0,2
BRDA:548,20,1,0
BRDA:549,21,0,2
BRDA:549,21,1,0
BRDA:578,22,0,0
BRDA:578,22,1,0
BRDA:586,23,0,0
BRDA:586,23,1,0
BRDA:593,24,0,2
BRDA:593,24,1,1
BRDA:605,25,0,0
BRDA:605,25,1,0
BRDA:655,26,0,4
BRDA:655,26,1,0
BRDA:674,27,0,2
BRDA:674,27,1,0
BRDA:768,28,0,1
BRDA:768,28,1,0
BRDA:871,29,0,0
BRDA:871,29,1,0
BRDA:880,30,0,0
BRDA:880,30,1,0
BRDA:939,31,0,0
BRDA:939,31,1,0
BRDA:954,32,0,0
BRDA:954,32,1,0
BRDA:962,33,0,6
BRDA:962,33,1,0
BRDA:971,34,0,0
BRDA:971,34,1,0
BRDA:989,35,0,0
BRDA:989,35,1,0
BRDA:1048,36,0,0
BRDA:1048,36,1,0
BRDA:1056,37,0,0
BRDA:1056,37,1,0
BRDA:1123,38,0,0
BRDA:1123,38,1,12
BRDA:1130,39,0,6
BRDA:1130,39,1,0
BRDA:1157,40,0,0
BRDA:1157,40,1,60
BRDA:1165,41,0,0
BRDA:1165,41,1,0
BRDA:1171,42,0,0
BRDA:1171,42,1,0
BRDA:1172,43,0,0
BRDA:1172,43,1,0
BRDA:1175,44,0,0
BRDA:1175,44,1,0
BRF:88
BRH:22
end_of_record
